<?xml version="1.0" encoding="UTF-8"?>
<!-- Generated by org.testng.reporters.JUnitXMLReporter -->
<testsuite ignored="0" hostname="DESKTOP-5GN5U49" failures="0" tests="3" name="chromeTest" time="100.35" errors="0" timestamp="2021-08-03T21:37:49 IST">
  <testcase classname="myDemoprojectMaven.test.AmazonTestClassM" name="validatingsearchfunctionality" time="4.031"/>
  <testcase classname="myDemoprojectMaven.test.AmazonTestClassM" name="validatingaddtocartfunctionality" time="12.479"/>
  <testcase classname="myDemoprojectMaven.test.AmazonTestClassM" name="validatingbuyfunctionality" time="21.985"/>
</testsuite> <!-- chromeTest -->
