<?xml version="1.0" encoding="UTF-8"?>
<!-- Generated by org.testng.reporters.JUnitXMLReporter -->
<testsuite ignored="0" hostname="DESKTOP-5GN5U49" failures="0" tests="3" name="firefoxTest2" time="68.208" errors="0" timestamp="2021-08-03T21:07:30 IST">
  <testcase classname="myDemoprojectMaven.test.RediffTestM" name="verifysenditemfunctionality" time="3.014"/>
  <testcase classname="myDemoprojectMaven.test.RediffTestM" name="verifywritemailfunctionality" time="0.081"/>
  <testcase classname="myDemoprojectMaven.test.RediffTestM" name="verifysendmailfunctionality" time="1.309"/>
</testsuite> <!-- firefoxTest2 -->
